<?xml version="1.0" ?>
<testsuite errors="1" failures="0" name="ProjectTests-20200103151617" tests="9" time="0.282">
	<testcase classname="ProjectTests" name="test_auth" time="0.039"/>
	<testcase classname="ProjectTests" name="test_delete" time="0.072"/>
	<testcase classname="ProjectTests" name="test_items" time="0.013"/>
	<testcase classname="ProjectTests" name="test_main_page" time="0.002"/>
	<testcase classname="ProjectTests" name="test_post_resource_doesnot_exist" time="0.046"/>
	<testcase classname="ProjectTests" name="test_put_resource_doesnot_exist" time="0.041"/>
	<testcase classname="ProjectTests" name="test_put_resource_exists" time="0.031"/>
	<testcase classname="ProjectTests" name="test_register" time="0.006"/>
	<testcase classname="ProjectTests" name="test_post_resource_already_exists" time="0.032">
		<error message="" type="AssertionError">
<![CDATA[Traceback (most recent call last):
  File "tests/test.py", line 94, in test_post_resource_already_exists
    assert response.status_code == 400
AssertionError
]]>		</error>
	</testcase>
	<system-out>
<![CDATA[User already registered 
]]>	</system-out>
	<system-err>
<![CDATA[]]>	</system-err>
</testsuite>
