<?xml version="1.0" ?>
<testsuite errors="0" failures="0" name="ProjectTests-20200103163644" tests="9" time="0.398">
	<testcase classname="ProjectTests" name="test_auth" time="0.052"/>
	<testcase classname="ProjectTests" name="test_delete" time="0.030"/>
	<testcase classname="ProjectTests" name="test_items" time="0.016"/>
	<testcase classname="ProjectTests" name="test_main_page" time="0.002"/>
	<testcase classname="ProjectTests" name="test_post_resource_already_exists" time="0.098"/>
	<testcase classname="ProjectTests" name="test_post_resource_doesnot_exist" time="0.055"/>
	<testcase classname="ProjectTests" name="test_put_resource_doesnot_exist" time="0.034"/>
	<testcase classname="ProjectTests" name="test_put_resource_exists" time="0.101"/>
	<testcase classname="ProjectTests" name="test_register" time="0.010"/>
	<system-out>
<![CDATA[b'{\n    "items": [\n        {\n            "price": 10.99,\n            "name": "desk[49]"\n        },\n        {\n            "price": 10.99,\n            "name": "test[82]"\n        },\n        {\n            "price": 212.99,\n            "name": "desk[7]"\n        }\n    ]\n}\n'
User already registered 
]]>	</system-out>
	<system-err>
<![CDATA[]]>	</system-err>
</testsuite>
